2023-08-01 17:31:03,066 testpy INFO conftest.py-20 line: 每次执行前清理EnvData
2023-08-01 17:31:03,066 testpy INFO conftest.py-27 line: 清理EnvData完成{'__module__': 'Common.handle_data', '__dict__': <attribute '__dict__' of 'EnvData' objects>, '__weakref__': <attribute '__weakref__' of 'EnvData' objects>, '__doc__': None}
2023-08-01 17:31:03,068 testpy INFO test_api.py-14 line: 获取到的用例{'name': '获取接口token', 'request': {'method': 'GET', 'url': 'https://api.weixin.qq.com/cgi-bin/token', 'date': {'grant_type': 'client_credential', 'appid': 'wx6b11b3efd1cdc290', 'secret': '106a9c6157c4db5f6029918738f9529d'}}, 'validate': 'none'}
2023-08-01 17:31:03,068 testpy INFO test_api.py-16 line: 请求的方法是GET
2023-08-01 17:31:03,068 testpy INFO test_api.py-18 line: 请求的URLhttps://api.weixin.qq.com/cgi-bin/token
2023-08-01 17:31:03,068 testpy INFO test_api.py-21 line: 全局变量data:{'grant_type': 'client_credential', 'appid': 'wx6b11b3efd1cdc290', 'secret': '106a9c6157c4db5f6029918738f9529d'}
2023-08-01 17:31:03,327 testpy INFO send_request.py-11 line: {'errcode': 45009, 'errmsg': 'reach max api daily quota limit, could get access_token by getStableAccessToken, more details at https://mmbizurl.cn/s/JtxxFh33r rid: 64c8d0d6-643241d8-05d2a419'}
2023-08-01 17:31:03,327 testpy INFO test_api.py-24 line: 响应结果是:<Response [200]>
2023-08-01 17:31:03,327 testpy INFO test_api.py-27 line: dic的内容是
2023-08-01 17:31:03,471 testpy INFO test_execle_ddt.py-19 line: {'username': '张三', 'password': 'zhujianwei', 'check': '{"name":zhangsan}'}
2023-08-01 17:31:03,473 testpy INFO test_execle_ddt.py-19 line: {'username': '李四', 'password': 123, 'check': '{"name":zhangsan}'}
2023-08-01 17:31:03,476 testpy INFO test_three.py-9 line: TestThree开始执行
2023-08-01 17:31:03,476 testpy INFO test_three.py-11 line: TestThree执行结束
2023-08-01 17:31:03,488 testpy INFO test_three.py-14 line: TestThree开始执行
2023-08-01 17:31:03,488 testpy INFO test_three.py-16 line: TestThree执行结束
2023-08-01 17:31:42,714 testpy INFO conftest.py-20 line: 每次执行前清理EnvData
2023-08-01 17:31:42,714 testpy INFO conftest.py-27 line: 清理EnvData完成{'__module__': 'Common.handle_data', '__dict__': <attribute '__dict__' of 'EnvData' objects>, '__weakref__': <attribute '__weakref__' of 'EnvData' objects>, '__doc__': None}
2023-08-01 17:31:42,715 testpy INFO test_api.py-14 line: 获取到的用例{'name': '获取接口token', 'request': {'method': 'GET', 'url': 'https://api.weixin.qq.com/cgi-bin/token', 'date': {'grant_type': 'client_credential', 'appid': 'wx6b11b3efd1cdc290', 'secret': '106a9c6157c4db5f6029918738f9529d'}}, 'validate': 'none'}
2023-08-01 17:31:42,715 testpy INFO test_api.py-16 line: 请求的方法是GET
2023-08-01 17:31:42,715 testpy INFO test_api.py-18 line: 请求的URLhttps://api.weixin.qq.com/cgi-bin/token
2023-08-01 17:31:42,715 testpy INFO test_api.py-21 line: 全局变量data:{'grant_type': 'client_credential', 'appid': 'wx6b11b3efd1cdc290', 'secret': '106a9c6157c4db5f6029918738f9529d'}
2023-08-01 17:31:42,940 testpy INFO send_request.py-11 line: {'errcode': 45009, 'errmsg': 'reach max api daily quota limit, could get access_token by getStableAccessToken, more details at https://mmbizurl.cn/s/JtxxFh33r rid: 64c8d0fe-71f44127-224ada18'}
2023-08-01 17:31:42,940 testpy INFO test_api.py-24 line: 响应结果是:{'errcode': 45009, 'errmsg': 'reach max api daily quota limit, could get access_token by getStableAccessToken, more details at https://mmbizurl.cn/s/JtxxFh33r rid: 64c8d0fe-71f44127-224ada18'}
2023-08-01 17:31:42,940 testpy INFO test_api.py-27 line: dic的内容是
2023-08-01 17:31:43,093 testpy INFO test_execle_ddt.py-19 line: {'username': '张三', 'password': 'zhujianwei', 'check': '{"name":zhangsan}'}
2023-08-01 17:31:43,096 testpy INFO test_execle_ddt.py-19 line: {'username': '李四', 'password': 123, 'check': '{"name":zhangsan}'}
2023-08-01 17:31:43,097 testpy INFO test_three.py-9 line: TestThree开始执行
2023-08-01 17:31:43,097 testpy INFO test_three.py-11 line: TestThree执行结束
2023-08-01 17:31:43,098 testpy INFO test_three.py-14 line: TestThree开始执行
2023-08-01 17:31:43,098 testpy INFO test_three.py-16 line: TestThree执行结束
2023-08-01 17:34:05,766 testpy INFO conftest.py-20 line: 每次执行前清理EnvData
2023-08-01 17:34:05,766 testpy INFO conftest.py-27 line: 清理EnvData完成{'__module__': 'Common.handle_data', '__dict__': <attribute '__dict__' of 'EnvData' objects>, '__weakref__': <attribute '__weakref__' of 'EnvData' objects>, '__doc__': None}
2023-08-01 17:34:05,768 testpy INFO test_api.py-14 line: 获取到的用例{'name': '获取接口token', 'request': {'method': 'GET', 'url': 'https://api.weixin.qq.com/cgi-bin/token', 'date': {'grant_type': 'client_credential', 'appid': 'wx6b11b3efd1cdc290', 'secret': '106a9c6157c4db5f6029918738f9529d'}}, 'validate': 'none'}
2023-08-01 17:34:05,768 testpy INFO test_api.py-16 line: 请求的方法是GET
2023-08-01 17:34:05,768 testpy INFO test_api.py-18 line: 请求的URLhttps://api.weixin.qq.com/cgi-bin/token
2023-08-01 17:34:05,768 testpy INFO test_api.py-21 line: 全局变量data:{'grant_type': 'client_credential', 'appid': 'wx6b11b3efd1cdc290', 'secret': '106a9c6157c4db5f6029918738f9529d'}
2023-08-01 17:34:06,012 testpy INFO send_request.py-11 line: {'errcode': 45009, 'errmsg': 'reach max api daily quota limit, could get access_token by getStableAccessToken, more details at https://mmbizurl.cn/s/JtxxFh33r rid: 64c8d18d-2af04262-0545cd40'}
2023-08-01 17:34:06,012 testpy INFO test_api.py-24 line: 响应结果是:{'errcode': 45009, 'errmsg': 'reach max api daily quota limit, could get access_token by getStableAccessToken, more details at https://mmbizurl.cn/s/JtxxFh33r rid: 64c8d18d-2af04262-0545cd40'}
2023-08-01 17:34:06,012 testpy INFO test_api.py-27 line: dic的内容是
2023-08-01 17:34:06,012 testpy INFO test_api.py-31 line: 接口返回结果是{'errcode': 45009, 'errmsg': 'reach max api daily quota limit, could get access_token by getStableAccessToken, more details at https://mmbizurl.cn/s/JtxxFh33r rid: 64c8d18d-2af04262-0545cd40'}
2023-08-01 17:34:06,013 testpy INFO test_api.py-32 line: EnvData全局变量存储的的access_token：暂时写死的
2023-08-01 17:34:06,018 testpy INFO test_execle_ddt.py-19 line: {'username': '张三', 'password': 'zhujianwei', 'check': '{"name":zhangsan}'}
2023-08-01 17:34:06,022 testpy INFO test_execle_ddt.py-19 line: {'username': '李四', 'password': 123, 'check': '{"name":zhangsan}'}
2023-08-01 17:34:06,026 testpy INFO test_three.py-9 line: TestThree开始执行
2023-08-01 17:34:06,026 testpy INFO test_three.py-11 line: TestThree执行结束
2023-08-01 17:34:06,028 testpy INFO test_three.py-14 line: TestThree开始执行
2023-08-01 17:34:06,028 testpy INFO test_three.py-16 line: TestThree执行结束
